<?xml version="1.0" encoding="UTF-8"?>
<testsuite xmlns:xsi="http://www.w3.org/2001/XMLSchema-instance" xsi:noNamespaceSchemaLocation="https://maven.apache.org/surefire/maven-surefire-plugin/xsd/surefire-test-report-3.0.xsd" version="3.0" name="com.bookingmx.reservations.steps.ApiExceptionHandlerTest" time="4.595" tests="4" errors="0" skipped="0" failures="0">
  <properties>
[...]
</properties>
  <testcase name="getReservation_notFoundException_returns404" classname="com.bookingmx.reservations.steps.ApiExceptionHandlerTest" time="4.313">
    <system-out><![CDATA[03:26:57.684 [main] INFO org.springframework.mock.web.MockServletContext -- Initializing Spring TestDispatcherServlet ''
03:26:57.688 [main] INFO org.springframework.test.web.servlet.TestDispatcherServlet -- Initializing Servlet ''
03:26:57.696 [main] INFO org.springframework.test.web.servlet.TestDispatcherServlet -- Completed initialization in 5 ms
]]></system-out>
  </testcase>
  <testcase name="cancelReservation_notFoundException_returns404" classname="com.bookingmx.reservations.steps.ApiExceptionHandlerTest" time="0.027">
    <system-out><![CDATA[03:26:58.137 [main] INFO org.springframework.mock.web.MockServletContext -- Initializing Spring TestDispatcherServlet ''
03:26:58.138 [main] INFO org.springframework.test.web.servlet.TestDispatcherServlet -- Initializing Servlet ''
03:26:58.138 [main] INFO org.springframework.test.web.servlet.TestDispatcherServlet -- Completed initialization in 0 ms
]]></system-out>
  </testcase>
  <testcase name="updateReservation_genericException_returns500" classname="com.bookingmx.reservations.steps.ApiExceptionHandlerTest" time="0.174">
    <system-out><![CDATA[03:26:58.159 [main] INFO org.springframework.mock.web.MockServletContext -- Initializing Spring TestDispatcherServlet ''
03:26:58.159 [main] INFO org.springframework.test.web.servlet.TestDispatcherServlet -- Initializing Servlet ''
03:26:58.160 [main] INFO org.springframework.test.web.servlet.TestDispatcherServlet -- Completed initialization in 0 ms
]]></system-out>
  </testcase>
  <testcase name="createReservation_badRequestException_returns400" classname="com.bookingmx.reservations.steps.ApiExceptionHandlerTest" time="0.022">
    <system-out><![CDATA[03:26:58.332 [main] INFO org.springframework.mock.web.MockServletContext -- Initializing Spring TestDispatcherServlet ''
03:26:58.332 [main] INFO org.springframework.test.web.servlet.TestDispatcherServlet -- Initializing Servlet ''
03:26:58.332 [main] INFO org.springframework.test.web.servlet.TestDispatcherServlet -- Completed initialization in 0 ms
]]></system-out>
  </testcase>
</testsuite>